2013-11-15 15:07:43 Error: [MissingControllerException] Controller class JsController could not be found.
Exception Attributes: array (
  'class' => 'JsController',
  'plugin' => NULL,
)
Request URL: /project/js/libs/bootstrap.min.js
Stack Trace:
#0 C:\xampp\htdocs\project\app\webroot\index.php(110): Dispatcher->dispatch(Object(CakeRequest), Object(CakeResponse))
#1 {main}
2013-11-15 15:07:43 Error: [MissingControllerException] Controller class CssController could not be found.
Exception Attributes: array (
  'class' => 'CssController',
  'plugin' => NULL,
)
Request URL: /project/css/main.css
Stack Trace:
#0 C:\xampp\htdocs\project\app\webroot\index.php(110): Dispatcher->dispatch(Object(CakeRequest), Object(CakeResponse))
#1 {main}
2013-11-15 15:07:43 Error: [MissingControllerException] Controller class JsController could not be found.
Exception Attributes: array (
  'class' => 'JsController',
  'plugin' => NULL,
)
Request URL: /project/js/libs/jquery-1.10.2.min.js
Stack Trace:
#0 C:\xampp\htdocs\project\app\webroot\index.php(110): Dispatcher->dispatch(Object(CakeRequest), Object(CakeResponse))
#1 {main}
2013-11-15 15:07:43 Error: [MissingControllerException] Controller class JsController could not be found.
Exception Attributes: array (
  'class' => 'JsController',
  'plugin' => NULL,
)
Request URL: /project/js/libs/bootstrap.min.js
Stack Trace:
#0 C:\xampp\htdocs\project\app\webroot\index.php(110): Dispatcher->dispatch(Object(CakeRequest), Object(CakeResponse))
#1 {main}
2013-11-15 15:09:13 Error: [MissingControllerException] Controller class CssController could not be found.
Exception Attributes: array (
  'class' => 'CssController',
  'plugin' => NULL,
)
Request URL: /project/css/main.css
Stack Trace:
#0 C:\xampp\htdocs\project\app\webroot\index.php(110): Dispatcher->dispatch(Object(CakeRequest), Object(CakeResponse))
#1 {main}
2013-11-15 15:09:13 Error: [MissingControllerException] Controller class JsController could not be found.
Exception Attributes: array (
  'class' => 'JsController',
  'plugin' => NULL,
)
Request URL: /project/js/libs/jquery-1.10.2.min.js
Stack Trace:
#0 C:\xampp\htdocs\project\app\webroot\index.php(110): Dispatcher->dispatch(Object(CakeRequest), Object(CakeResponse))
#1 {main}
2013-11-15 15:09:13 Error: [MissingControllerException] Controller class JsController could not be found.
Exception Attributes: array (
  'class' => 'JsController',
  'plugin' => NULL,
)
Request URL: /project/js/libs/bootstrap.min.js
Stack Trace:
#0 C:\xampp\htdocs\project\app\webroot\index.php(110): Dispatcher->dispatch(Object(CakeRequest), Object(CakeResponse))
#1 {main}
2013-11-15 15:09:13 Error: [MissingControllerException] Controller class JsController could not be found.
Exception Attributes: array (
  'class' => 'JsController',
  'plugin' => NULL,
)
Request URL: /project/js/libs/bootstrap.min.js
Stack Trace:
#0 C:\xampp\htdocs\project\app\webroot\index.php(110): Dispatcher->dispatch(Object(CakeRequest), Object(CakeResponse))
#1 {main}
2013-11-15 15:09:18 Error: [MissingControllerException] Controller class SdfaController could not be found.
Exception Attributes: array (
  'class' => 'SdfaController',
  'plugin' => NULL,
)
Request URL: /project/sdfa
Stack Trace:
#0 C:\xampp\htdocs\project\app\webroot\index.php(110): Dispatcher->dispatch(Object(CakeRequest), Object(CakeResponse))
#1 {main}
2013-11-15 15:09:19 Error: [MissingControllerException] Controller class CssController could not be found.
Exception Attributes: array (
  'class' => 'CssController',
  'plugin' => NULL,
)
Request URL: /project/css/main.css
Stack Trace:
#0 C:\xampp\htdocs\project\app\webroot\index.php(110): Dispatcher->dispatch(Object(CakeRequest), Object(CakeResponse))
#1 {main}
2013-11-15 15:09:19 Error: [MissingControllerException] Controller class JsController could not be found.
Exception Attributes: array (
  'class' => 'JsController',
  'plugin' => NULL,
)
Request URL: /project/js/libs/jquery-1.10.2.min.js
Stack Trace:
#0 C:\xampp\htdocs\project\app\webroot\index.php(110): Dispatcher->dispatch(Object(CakeRequest), Object(CakeResponse))
#1 {main}
2013-11-15 15:09:19 Error: [MissingControllerException] Controller class JsController could not be found.
Exception Attributes: array (
  'class' => 'JsController',
  'plugin' => NULL,
)
Request URL: /project/js/libs/bootstrap.min.js
Stack Trace:
#0 C:\xampp\htdocs\project\app\webroot\index.php(110): Dispatcher->dispatch(Object(CakeRequest), Object(CakeResponse))
#1 {main}
2013-11-15 15:09:26 Error: [MissingControllerException] Controller class CssController could not be found.
Exception Attributes: array (
  'class' => 'CssController',
  'plugin' => NULL,
)
Request URL: /project/css/main.css
Stack Trace:
#0 C:\xampp\htdocs\project\app\webroot\index.php(110): Dispatcher->dispatch(Object(CakeRequest), Object(CakeResponse))
#1 {main}
2013-11-15 15:09:26 Error: [MissingControllerException] Controller class JsController could not be found.
Exception Attributes: array (
  'class' => 'JsController',
  'plugin' => NULL,
)
Request URL: /project/js/libs/jquery-1.10.2.min.js
Stack Trace:
#0 C:\xampp\htdocs\project\app\webroot\index.php(110): Dispatcher->dispatch(Object(CakeRequest), Object(CakeResponse))
#1 {main}
2013-11-15 15:09:26 Error: [MissingControllerException] Controller class JsController could not be found.
Exception Attributes: array (
  'class' => 'JsController',
  'plugin' => NULL,
)
Request URL: /project/js/libs/bootstrap.min.js
Stack Trace:
#0 C:\xampp\htdocs\project\app\webroot\index.php(110): Dispatcher->dispatch(Object(CakeRequest), Object(CakeResponse))
#1 {main}
2013-11-15 15:09:26 Error: [MissingControllerException] Controller class JsController could not be found.
Exception Attributes: array (
  'class' => 'JsController',
  'plugin' => NULL,
)
Request URL: /project/js/libs/bootstrap.min.js
Stack Trace:
#0 C:\xampp\htdocs\project\app\webroot\index.php(110): Dispatcher->dispatch(Object(CakeRequest), Object(CakeResponse))
#1 {main}
2013-11-15 15:12:20 Error: [MissingActionException] Action ContestsController::index() could not be found.
Exception Attributes: array (
  'controller' => 'ContestsController',
  'action' => 'index',
)
Request URL: /project/contests
Stack Trace:
#0 C:\xampp\htdocs\project\lib\Cake\Routing\Dispatcher.php(187): Controller->invokeAction(Object(CakeRequest))
#1 C:\xampp\htdocs\project\lib\Cake\Routing\Dispatcher.php(162): Dispatcher->_invoke(Object(ContestsController), Object(CakeRequest), Object(CakeResponse))
#2 C:\xampp\htdocs\project\app\webroot\index.php(110): Dispatcher->dispatch(Object(CakeRequest), Object(CakeResponse))
#3 {main}
2013-11-15 15:12:20 Error: [MissingControllerException] Controller class CssController could not be found.
Exception Attributes: array (
  'class' => 'CssController',
  'plugin' => NULL,
)
Request URL: /project/css/main.css
Stack Trace:
#0 C:\xampp\htdocs\project\app\webroot\index.php(110): Dispatcher->dispatch(Object(CakeRequest), Object(CakeResponse))
#1 {main}
2013-11-15 15:12:20 Error: [MissingControllerException] Controller class JsController could not be found.
Exception Attributes: array (
  'class' => 'JsController',
  'plugin' => NULL,
)
Request URL: /project/js/libs/jquery-1.10.2.min.js
Stack Trace:
#0 C:\xampp\htdocs\project\app\webroot\index.php(110): Dispatcher->dispatch(Object(CakeRequest), Object(CakeResponse))
#1 {main}
2013-11-15 15:12:20 Error: [MissingControllerException] Controller class JsController could not be found.
Exception Attributes: array (
  'class' => 'JsController',
  'plugin' => NULL,
)
Request URL: /project/js/libs/bootstrap.min.js
Stack Trace:
#0 C:\xampp\htdocs\project\app\webroot\index.php(110): Dispatcher->dispatch(Object(CakeRequest), Object(CakeResponse))
#1 {main}
2013-11-15 15:12:24 Error: [MissingControllerException] Controller class CssController could not be found.
Exception Attributes: array (
  'class' => 'CssController',
  'plugin' => NULL,
)
Request URL: /project/css/main.css
Stack Trace:
#0 C:\xampp\htdocs\project\app\webroot\index.php(110): Dispatcher->dispatch(Object(CakeRequest), Object(CakeResponse))
#1 {main}
2013-11-15 15:12:24 Error: [MissingControllerException] Controller class JsController could not be found.
Exception Attributes: array (
  'class' => 'JsController',
  'plugin' => NULL,
)
Request URL: /project/js/libs/jquery-1.10.2.min.js
Stack Trace:
#0 C:\xampp\htdocs\project\app\webroot\index.php(110): Dispatcher->dispatch(Object(CakeRequest), Object(CakeResponse))
#1 {main}
2013-11-15 15:12:24 Error: [MissingControllerException] Controller class JsController could not be found.
Exception Attributes: array (
  'class' => 'JsController',
  'plugin' => NULL,
)
Request URL: /project/js/libs/bootstrap.min.js
Stack Trace:
#0 C:\xampp\htdocs\project\app\webroot\index.php(110): Dispatcher->dispatch(Object(CakeRequest), Object(CakeResponse))
#1 {main}
2013-11-15 15:14:42 Error: [MissingControllerException] Controller class CssController could not be found.
Exception Attributes: array (
  'class' => 'CssController',
  'plugin' => NULL,
)
Request URL: /project/css/main.css
Stack Trace:
#0 C:\xampp\htdocs\project\app\webroot\index.php(110): Dispatcher->dispatch(Object(CakeRequest), Object(CakeResponse))
#1 {main}
2013-11-15 15:14:42 Error: [MissingControllerException] Controller class JsController could not be found.
Exception Attributes: array (
  'class' => 'JsController',
  'plugin' => NULL,
)
Request URL: /project/js/libs/jquery-1.10.2.min.js
Stack Trace:
#0 C:\xampp\htdocs\project\app\webroot\index.php(110): Dispatcher->dispatch(Object(CakeRequest), Object(CakeResponse))
#1 {main}
2013-11-15 15:14:42 Error: [MissingControllerException] Controller class JsController could not be found.
Exception Attributes: array (
  'class' => 'JsController',
  'plugin' => NULL,
)
Request URL: /project/js/libs/bootstrap.min.js
Stack Trace:
#0 C:\xampp\htdocs\project\app\webroot\index.php(110): Dispatcher->dispatch(Object(CakeRequest), Object(CakeResponse))
#1 {main}
2013-11-15 15:14:57 Error: Fatal Error (4): syntax error, unexpected 'public' (T_PUBLIC) in [C:\xampp\htdocs\project\app\Controller\ContestsController.php, line 4]
2013-11-15 15:14:57 Error: [FatalErrorException] syntax error, unexpected 'public' (T_PUBLIC)
Request URL: /project/contests/test
Stack Trace:
#0 C:\xampp\htdocs\project\lib\Cake\Error\ErrorHandler.php(205): ErrorHandler::handleFatalError(4, 'syntax error, u...', 'C:\xampp\htdocs...', 4)
#1 [internal function]: ErrorHandler::handleError(4, 'syntax error, u...', 'C:\xampp\htdocs...', 4, Array)
#2 C:\xampp\htdocs\project\lib\Cake\Core\App.php(931): call_user_func('ErrorHandler::h...', 4, 'syntax error, u...', 'C:\xampp\htdocs...', 4, Array)
#3 C:\xampp\htdocs\project\lib\Cake\Core\App.php(904): App::_checkFatalError()
#4 [internal function]: App::shutdown()
#5 {main}
2013-11-15 15:14:57 Error: [MissingControllerException] Controller class CssController could not be found.
Exception Attributes: array (
  'class' => 'CssController',
  'plugin' => NULL,
)
Request URL: /project/css/main.css
Stack Trace:
#0 C:\xampp\htdocs\project\app\webroot\index.php(110): Dispatcher->dispatch(Object(CakeRequest), Object(CakeResponse))
#1 {main}
2013-11-15 15:14:57 Error: [MissingControllerException] Controller class JsController could not be found.
Exception Attributes: array (
  'class' => 'JsController',
  'plugin' => NULL,
)
Request URL: /project/js/libs/bootstrap.min.js
Stack Trace:
#0 C:\xampp\htdocs\project\app\webroot\index.php(110): Dispatcher->dispatch(Object(CakeRequest), Object(CakeResponse))
#1 {main}
2013-11-15 15:14:57 Error: [MissingControllerException] Controller class JsController could not be found.
Exception Attributes: array (
  'class' => 'JsController',
  'plugin' => NULL,
)
Request URL: /project/js/libs/jquery-1.10.2.min.js
Stack Trace:
#0 C:\xampp\htdocs\project\app\webroot\index.php(110): Dispatcher->dispatch(Object(CakeRequest), Object(CakeResponse))
#1 {main}
2013-11-15 15:14:57 Error: [MissingControllerException] Controller class JsController could not be found.
Exception Attributes: array (
  'class' => 'JsController',
  'plugin' => NULL,
)
Request URL: /project/js/libs/bootstrap.min.js
Stack Trace:
#0 C:\xampp\htdocs\project\app\webroot\index.php(110): Dispatcher->dispatch(Object(CakeRequest), Object(CakeResponse))
#1 {main}
2013-11-15 15:15:39 Error: [MissingControllerException] Controller class JsController could not be found.
Exception Attributes: array (
  'class' => 'JsController',
  'plugin' => NULL,
)
Request URL: /project/js/libs/jquery-1.10.2.min.js
Stack Trace:
#0 C:\xampp\htdocs\project\app\webroot\index.php(110): Dispatcher->dispatch(Object(CakeRequest), Object(CakeResponse))
#1 {main}
2013-11-15 15:15:39 Error: [MissingControllerException] Controller class CssController could not be found.
Exception Attributes: array (
  'class' => 'CssController',
  'plugin' => NULL,
)
Request URL: /project/css/main.css
Stack Trace:
#0 C:\xampp\htdocs\project\app\webroot\index.php(110): Dispatcher->dispatch(Object(CakeRequest), Object(CakeResponse))
#1 {main}
2013-11-15 15:15:39 Error: [MissingControllerException] Controller class JsController could not be found.
Exception Attributes: array (
  'class' => 'JsController',
  'plugin' => NULL,
)
Request URL: /project/js/libs/bootstrap.min.js
Stack Trace:
#0 C:\xampp\htdocs\project\app\webroot\index.php(110): Dispatcher->dispatch(Object(CakeRequest), Object(CakeResponse))
#1 {main}
2013-11-15 15:15:39 Error: [MissingControllerException] Controller class JsController could not be found.
Exception Attributes: array (
  'class' => 'JsController',
  'plugin' => NULL,
)
Request URL: /project/js/libs/bootstrap.min.js
Stack Trace:
#0 C:\xampp\htdocs\project\app\webroot\index.php(110): Dispatcher->dispatch(Object(CakeRequest), Object(CakeResponse))
#1 {main}
2013-11-15 15:16:44 Error: [MissingHelperException] Helper class Helper could not be found.
Exception Attributes: array (
  'class' => 'Helper',
  'plugin' => false,
)
Request URL: /project/contests/test
Stack Trace:
#0 C:\xampp\htdocs\project\lib\Cake\View\HelperCollection.php(63): HelperCollection->load('')
#1 C:\xampp\htdocs\project\lib\Cake\View\View.php(820): HelperCollection->__isset('')
#2 C:\xampp\htdocs\project\app\View\Contests\test.ctp(2): View->__get('')
#3 C:\xampp\htdocs\project\lib\Cake\View\View.php(931): include('C:\xampp\htdocs...')
#4 C:\xampp\htdocs\project\lib\Cake\View\View.php(893): View->_evaluate('C:\xampp\htdocs...', Array)
#5 C:\xampp\htdocs\project\lib\Cake\View\View.php(462): View->_render('C:\xampp\htdocs...')
#6 C:\xampp\htdocs\project\lib\Cake\Controller\Controller.php(952): View->render(NULL, NULL)
#7 C:\xampp\htdocs\project\lib\Cake\Routing\Dispatcher.php(194): Controller->render()
#8 C:\xampp\htdocs\project\lib\Cake\Routing\Dispatcher.php(162): Dispatcher->_invoke(Object(ContestsController), Object(CakeRequest), Object(CakeResponse))
#9 C:\xampp\htdocs\project\app\webroot\index.php(110): Dispatcher->dispatch(Object(CakeRequest), Object(CakeResponse))
#10 {main}
2013-11-15 15:16:44 Error: [MissingControllerException] Controller class CssController could not be found.
Exception Attributes: array (
  'class' => 'CssController',
  'plugin' => NULL,
)
Request URL: /project/css/main.css
Stack Trace:
#0 C:\xampp\htdocs\project\app\webroot\index.php(110): Dispatcher->dispatch(Object(CakeRequest), Object(CakeResponse))
#1 {main}
2013-11-15 15:16:44 Error: [MissingControllerException] Controller class JsController could not be found.
Exception Attributes: array (
  'class' => 'JsController',
  'plugin' => NULL,
)
Request URL: /project/js/libs/bootstrap.min.js
Stack Trace:
#0 C:\xampp\htdocs\project\app\webroot\index.php(110): Dispatcher->dispatch(Object(CakeRequest), Object(CakeResponse))
#1 {main}
2013-11-15 15:16:44 Error: [MissingControllerException] Controller class JsController could not be found.
Exception Attributes: array (
  'class' => 'JsController',
  'plugin' => NULL,
)
Request URL: /project/js/libs/jquery-1.10.2.min.js
Stack Trace:
#0 C:\xampp\htdocs\project\app\webroot\index.php(110): Dispatcher->dispatch(Object(CakeRequest), Object(CakeResponse))
#1 {main}
2013-11-15 15:16:44 Error: [MissingControllerException] Controller class JsController could not be found.
Exception Attributes: array (
  'class' => 'JsController',
  'plugin' => NULL,
)
Request URL: /project/js/libs/bootstrap.min.js
Stack Trace:
#0 C:\xampp\htdocs\project\app\webroot\index.php(110): Dispatcher->dispatch(Object(CakeRequest), Object(CakeResponse))
#1 {main}
2013-11-15 15:18:27 Error: [MissingControllerException] Controller class JsController could not be found.
Exception Attributes: array (
  'class' => 'JsController',
  'plugin' => NULL,
)
Request URL: /project/js/libs/jquery-1.10.2.min.js
Stack Trace:
#0 C:\xampp\htdocs\project\app\webroot\index.php(110): Dispatcher->dispatch(Object(CakeRequest), Object(CakeResponse))
#1 {main}
2013-11-15 15:18:27 Error: [MissingControllerException] Controller class CssController could not be found.
Exception Attributes: array (
  'class' => 'CssController',
  'plugin' => NULL,
)
Request URL: /project/css/main.css
Stack Trace:
#0 C:\xampp\htdocs\project\app\webroot\index.php(110): Dispatcher->dispatch(Object(CakeRequest), Object(CakeResponse))
#1 {main}
2013-11-15 15:18:27 Error: [MissingControllerException] Controller class JsController could not be found.
Exception Attributes: array (
  'class' => 'JsController',
  'plugin' => NULL,
)
Request URL: /project/js/libs/bootstrap.min.js
Stack Trace:
#0 C:\xampp\htdocs\project\app\webroot\index.php(110): Dispatcher->dispatch(Object(CakeRequest), Object(CakeResponse))
#1 {main}
2013-11-15 15:20:52 Error: [MissingControllerException] Controller class JsController could not be found.
Exception Attributes: array (
  'class' => 'JsController',
  'plugin' => NULL,
)
Request URL: /project/js/libs/bootstrap.min.js
Stack Trace:
#0 C:\xampp\htdocs\project\app\webroot\index.php(110): Dispatcher->dispatch(Object(CakeRequest), Object(CakeResponse))
#1 {main}
2013-11-15 15:20:52 Error: [MissingControllerException] Controller class CssController could not be found.
Exception Attributes: array (
  'class' => 'CssController',
  'plugin' => NULL,
)
Request URL: /project/css/main.css
Stack Trace:
#0 C:\xampp\htdocs\project\app\webroot\index.php(110): Dispatcher->dispatch(Object(CakeRequest), Object(CakeResponse))
#1 {main}
e))
#1 {main}
2013-11-15 15:20:52 Error: [MissingControllerException] Controller class JsController could not be found.
Exception Attributes: array (
  'class' => 'JsController',
  'plugin' => NULL,
)
Request URL: /project/js/libs/bootstrap.min.js
Stack Trace:
#0 C:\xampp\htdocs\project\app\webroot\index.php(110): Dispatcher->dispatch(Object(CakeRequest), Object(CakeResponse))
#1 {main}
2013-11-15 15:20:53 Error: [MissingControllerException] Controller class CssController could not be found.
Exception Attributes: array (
  'class' => 'CssController',
  'plugin' => NULL,
)
Request URL: /project/css/main.css
Stack Trace:
#0 C:\xampp\htdocs\project\app\webroot\index.php(110): Dispatcher->dispatch(Object(CakeRequest), Object(CakeResponse))
#1 {main}
2013-11-15 15:20:53 Error: [MissingControllerException] Controller class JsController could not be found.
Exception Attributes: array (
  'class' => 'JsController',
  'plugin' => NULL,
)
Request URL: /project/js/libs/bootstrap.min.js
Stack Trace:
#0 C:\xampp\htdocs\project\app\webroot\index.php(110): Dispatcher->dispatch(Object(CakeRequest), Object(CakeResponse))
#1 {main}
2013-11-15 15:20:53 Error: [MissingControllerException] Controller class JsController could not be found.
Exception Attributes: array (
  'class' => 'JsController',
  'plugin' => NULL,
)
Request URL: /project/js/libs/jquery-1.10.2.min.js
Stack Trace:
#0 C:\xampp\htdocs\project\app\webroot\index.php(110): Dispatcher->dispatch(Object(CakeRequest), Object(CakeResponse))
#1 {main}
2013-11-15 15:20:53 Error: [MissingControllerException] Controller class JsController could not be found.
Exception Attributes: array (
  'class' => 'JsController',
  'plugin' => NULL,
)
Request URL: /project/js/libs/bootstrap.min.js
Stack Trace:
#0 C:\xampp\htdocs\project\app\webroot\index.php(110): Dispatcher->dispatch(Object(CakeRequest), Object(CakeResponse))
#1 {main}
2013-11-15 15:21:01 Error: [MissingControllerException] Controller class JsController could not be found.
Exception Attributes: array (
  'class' => 'JsController',
  'plugin' => NULL,
)
Request URL: /project/js/libs/bootstrap.min.js
Stack Trace:
#0 C:\xampp\htdocs\project\app\webroot\index.php(110): Dispatcher->dispatch(Object(CakeRequest), Object(CakeResponse))
#1 {main}
2013-11-15 15:21:01 Error: [MissingControllerException] Controller class CssController could not be found.
Exception Attributes: array (
  'class' => 'CssController',
  'plugin' => NULL,
)
Request URL: /project/css/main.css
Stack Trace:
#0 C:\xampp\htdocs\project\app\webroot\index.php(110): Dispatcher->dispatch(Object(CakeRequest), Object(CakeResponse))
#1 {main}
2013-11-15 15:21:01 Error: [MissingControllerException] Controller class JsController could not be found.
Exception Attributes: array (
  'class' => 'JsController',
  'plugin' => NULL,
)
Request URL: /project/js/libs/jquery-1.10.2.min.js
Stack Trace:
#0 C:\xampp\htdocs\project\app\webroot\index.php(110): Dispatcher->dispatch(Object(CakeRequest), Object(CakeResponse))
#1 {main}
2013-11-15 15:21:01 Error: [MissingControllerException] Controller class JsController could not be found.
Exception Attributes: array (
  'class' => 'JsController',
  'plugin' => NULL,
)
Request URL: /project/js/libs/bootstrap.min.js
Stack Trace:
#0 C:\xampp\htdocs\project\app\webroot\index.php(110): Dispatcher->dispatch(Object(CakeRequest), Object(CakeResponse))
#1 {main}
2013-11-15 15:21:02 Error: [MissingControllerException] Controller class JsController could not be found.
Exception Attributes: array (
  'class' => 'JsController',
  'plugin' => NULL,
)
Request URL: /project/js/libs/bootstrap.min.js
Stack Trace:
#0 C:\xampp\htdocs\project\app\webroot\index.php(110): Dispatcher->dispatch(Object(CakeRequest), Object(CakeResponse))
#1 {main}
2013-11-15 15:21:02 Error: [MissingControllerException] Controller class CssController could not be found.
Exception Attributes: array (
  'class' => 'CssController',
  'plugin' => NULL,
)
Request URL: /project/css/main.css
Stack Trace:
#0 C:\xampp\htdocs\project\app\webroot\index.php(110): Dispatcher->dispatch(Object(CakeRequest), Object(CakeResponse))
#1 {main}
2013-11-15 15:21:02 Error: [MissingControllerException] Controller class JsController could not be found.
Exception Attributes: array (
  'class' => 'JsController',
  'plugin' => NULL,
)
Request URL: /project/js/libs/jquery-1.10.2.min.js
Stack Trace:
#0 C:\xampp\htdocs\project\app\webroot\index.php(110): Dispatcher->dispatch(Object(CakeRequest), Object(CakeResponse))
#1 {main}
2013-11-15 15:21:02 Error: [MissingControllerException] Controller class JsController could not be found.
Exception Attributes: array (
  'class' => 'JsController',
  'plugin' => NULL,
)
Request URL: /project/js/libs/bootstrap.min.js
Stack Trace:
#0 C:\xampp\htdocs\project\app\webroot\index.php(110): Dispatcher->dispatch(Object(CakeRequest), Object(CakeResponse))
#1 {main}
2013-11-15 15:32:27 Error: [MissingControllerException] Controller class JsController could not be found.
Exception Attributes: array (
  'class' => 'JsController',
  'plugin' => NULL,
)
Request URL: /project/js/libs/offcanvas.js
Stack Trace:
#0 C:\xampp\htdocs\project\app\webroot\index.php(110): Dispatcher->dispatch(Object(CakeRequest), Object(CakeResponse))
#1 {main}
2013-11-15 15:32:27 Error: [MissingControllerException] Controller class JsController could not be found.
Exception Attributes: array (
  'class' => 'JsController',
  'plugin' => NULL,
)
Request URL: /project/js/libs/bootstrap.min.js
Stack Trace:
#0 C:\xampp\htdocs\project\app\webroot\index.php(110): Dispatcher->dispatch(Object(CakeRequest), Object(CakeResponse))
#1 {main}
2013-11-15 15:32:27 Error: [MissingControllerException] Controller class JsController could not be found.
Exception Attributes: array (
  'class' => 'JsController',
  'plugin' => NULL,
)
Request URL: /project/js/libs/bootstrap.js
Stack Trace:
#0 C:\xampp\htdocs\project\app\webroot\index.php(110): Dispatcher->dispatch(Object(CakeRequest), Object(CakeResponse))
#1 {main}
2013-11-15 15:32:28 Error: [MissingControllerException] Controller class JsController could not be found.
Exception Attributes: array (
  'class' => 'JsController',
  'plugin' => NULL,
)
Request URL: /project/js/libs/bootstrap.min.js
Stack Trace:
#0 C:\xampp\htdocs\project\app\webroot\index.php(110): Dispatcher->dispatch(Object(CakeRequest), Object(CakeResponse))
#1 {main}
2013-11-15 15:32:28 Error: [MissingControllerException] Controller class JsController could not be found.
Exception Attributes: array (
  'class' => 'JsController',
  'plugin' => NULL,
)
Request URL: /project/js/libs/offcanvas.js
Stack Trace:
#0 C:\xampp\htdocs\project\app\webroot\index.php(110): Dispatcher->dispatch(Object(CakeRequest), Object(CakeResponse))
#1 {main}
2013-11-15 15:35:33 Error: [MissingControllerException] Controller class JsController could not be found.
Exception Attributes: array (
  'class' => 'JsController',
  'plugin' => NULL,
)
Request URL: /project/js/js/bootstrap.js
Stack Trace:
#0 C:\xampp\htdocs\project\app\webroot\index.php(110): Dispatcher->dispatch(Object(CakeRequest), Object(CakeResponse))
#1 {main}
2013-11-15 15:35:33 Error: [MissingControllerException] Controller class JsController could not be found.
Exception Attributes: array (
  'class' => 'JsController',
  'plugin' => NULL,
)
Request URL: /project/js/js/offcanvas.js
Stack Trace:
#0 C:\xampp\htdocs\project\app\webroot\index.php(110): Dispatcher->dispatch(Object(CakeRequest), Object(CakeResponse))
#1 {main}
2013-11-15 15:35:33 Error: [MissingControllerException] Controller class JsController could not be found.
Exception Attributes: array (
  'class' => 'JsController',
  'plugin' => NULL,
)
Request URL: /project/js/js/bootstrap.min.js
Stack Trace:
#0 C:\xampp\htdocs\project\app\webroot\index.php(110): Dispatcher->dispatch(Object(CakeRequest), Object(CakeResponse))
#1 {main}
2013-11-15 15:35:33 Error: [MissingControllerException] Controller class JsController could not be found.
Exception Attributes: array (
  'class' => 'JsController',
  'plugin' => NULL,
)
Request URL: /project/js/js/offcanvas.js
Stack Trace:
#0 C:\xampp\htdocs\project\app\webroot\index.php(110): Dispatcher->dispatch(Object(CakeRequest), Object(CakeResponse))
#1 {main}
2013-11-15 15:37:03 Error: [MissingActionException] Action ContestsController::index() could not be found.
Exception Attributes: array (
  'controller' => 'ContestsController',
  'action' => 'index',
)
Request URL: /project/contests/
Stack Trace:
#0 C:\xampp\htdocs\project\lib\Cake\Routing\Dispatcher.php(187): Controller->invokeAction(Object(CakeRequest))
#1 C:\xampp\htdocs\project\lib\Cake\Routing\Dispatcher.php(162): Dispatcher->_invoke(Object(ContestsController), Object(CakeRequest), Object(CakeResponse))
#2 C:\xampp\htdocs\project\app\webroot\index.php(110): Dispatcher->dispatch(Object(CakeRequest), Object(CakeResponse))
#3 {main}
2013-11-15 15:37:57 Error: [MissingActionException] Action ContestsController::index() could not be found.
Exception Attributes: array (
  'controller' => 'ContestsController',
  'action' => 'index',
)
Request URL: /project/contests/
Stack Trace:
#0 C:\xampp\htdocs\project\lib\Cake\Routing\Dispatcher.php(187): Controller->invokeAction(Object(CakeRequest))
#1 C:\xampp\htdocs\project\lib\Cake\Routing\Dispatcher.php(162): Dispatcher->_invoke(Object(ContestsController), Object(CakeRequest), Object(CakeResponse))
#2 C:\xampp\htdocs\project\app\webroot\index.php(110): Dispatcher->dispatch(Object(CakeRequest), Object(CakeResponse))
#3 {main}
2013-11-15 15:39:30 Error: [MissingActionException] Action ContestsController::index() could not be found.
Exception Attributes: array (
  'controller' => 'ContestsController',
  'action' => 'index',
)
Request URL: /project/contests/
Stack Trace:
#0 C:\xampp\htdocs\project\lib\Cake\Routing\Dispatcher.php(187): Controller->invokeAction(Object(CakeRequest))
#1 C:\xampp\htdocs\project\lib\Cake\Routing\Dispatcher.php(162): Dispatcher->_invoke(Object(ContestsController), Object(CakeRequest), Object(CakeResponse))
#2 C:\xampp\htdocs\project\app\webroot\index.php(110): Dispatcher->dispatch(Object(CakeRequest), Object(CakeResponse))
#3 {main}
2013-11-15 15:44:32 Error: [MissingActionException] Action ContestsController::index() could not be found.
Exception Attributes: array (
  'controller' => 'ContestsController',
  'action' => 'index',
)
Request URL: /project/contests/
Stack Trace:
#0 C:\xampp\htdocs\project\lib\Cake\Routing\Dispatcher.php(187): Controller->invokeAction(Object(CakeRequest))
#1 C:\xampp\htdocs\project\lib\Cake\Routing\Dispatcher.php(162): Dispatcher->_invoke(Object(ContestsController), Object(CakeRequest), Object(CakeResponse))
#2 C:\xampp\htdocs\project\app\webroot\index.php(110): Dispatcher->dispatch(Object(CakeRequest), Object(CakeResponse))
#3 {main}
2013-11-15 15:46:35 Error: [MissingActionException] Action ContestsController::index() could not be found.
Exception Attributes: array (
  'controller' => 'ContestsController',
  'action' => 'index',
)
Request URL: /project/contests/
Stack Trace:
#0 C:\xampp\htdocs\project\lib\Cake\Routing\Dispatcher.php(187): Controller->invokeAction(Object(CakeRequest))
#1 C:\xampp\htdocs\project\lib\Cake\Routing\Dispatcher.php(162): Dispatcher->_invoke(Object(ContestsController), Object(CakeRequest), Object(CakeResponse))
#2 C:\xampp\htdocs\project\app\webroot\index.php(110): Dispatcher->dispatch(Object(CakeRequest), Object(CakeResponse))
#3 {main}
2013-11-15 15:46:48 Error: [MissingActionException] Action ContestsController::index() could not be found.
Exception Attributes: array (
  'controller' => 'ContestsController',
  'action' => 'index',
)
Request URL: /project/contests/
Stack Trace:
#0 C:\xampp\htdocs\project\lib\Cake\Routing\Dispatcher.php(187): Controller->invokeAction(Object(CakeRequest))
#1 C:\xampp\htdocs\project\lib\Cake\Routing\Dispatcher.php(162): Dispatcher->_invoke(Object(ContestsController), Object(CakeRequest), Object(CakeResponse))
#2 C:\xampp\htdocs\project\app\webroot\index.php(110): Dispatcher->dispatch(Object(CakeRequest), Object(CakeResponse))
#3 {main}
2013-11-15 15:47:20 Error: [MissingActionException] Action ContestsController::index() could not be found.
Exception Attributes: array (
  'controller' => 'ContestsController',
  'action' => 'index',
)
Request URL: /project/contests/
Stack Trace:
#0 C:\xampp\htdocs\project\lib\Cake\Routing\Dispatcher.php(187): Controller->invokeAction(Object(CakeRequest))
#1 C:\xampp\htdocs\project\lib\Cake\Routing\Dispatcher.php(162): Dispatcher->_invoke(Object(ContestsController), Object(CakeRequest), Object(CakeResponse))
#2 C:\xampp\htdocs\project\app\webroot\index.php(110): Dispatcher->dispatch(Object(CakeRequest), Object(CakeResponse))
#3 {main}
2013-11-15 15:52:02 Error: [MissingActionException] Action ContestsController::index() could not be found.
Exception Attributes: array (
  'controller' => 'ContestsController',
  'action' => 'index',
)
Request URL: /project/contests/
Stack Trace:
#0 C:\xampp\htdocs\project\lib\Cake\Routing\Dispatcher.php(187): Controller->invokeAction(Object(CakeRequest))
#1 C:\xampp\htdocs\project\lib\Cake\Routing\Dispatcher.php(162): Dispatcher->_invoke(Object(ContestsController), Object(CakeRequest), Object(CakeResponse))
#2 C:\xampp\htdocs\project\app\webroot\index.php(110): Dispatcher->dispatch(Object(CakeRequest), Object(CakeResponse))
#3 {main}
2013-11-15 15:53:31 Error: [MissingActionException] Action ContestsController::index() could not be found.
Exception Attributes: array (
  'controller' => 'ContestsController',
  'action' => 'index',
)
Request URL: /project/contests/
Stack Trace:
#0 C:\xampp\htdocs\project\lib\Cake\Routing\Dispatcher.php(187): Controller->invokeAction(Object(CakeRequest))
#1 C:\xampp\htdocs\project\lib\Cake\Routing\Dispatcher.php(162): Dispatcher->_invoke(Object(ContestsController), Object(CakeRequest), Object(CakeResponse))
#2 C:\xampp\htdocs\project\app\webroot\index.php(110): Dispatcher->dispatch(Object(CakeRequest), Object(CakeResponse))
#3 {main}
2013-11-15 15:53:31 Error: [MissingControllerException] Controller class WebrootController could not be found.
Exception Attributes: array (
  'class' => 'WebrootController',
  'plugin' => NULL,
)
Request URL: /project/webroot/bootstrap.min.js
Stack Trace:
#0 C:\xampp\htdocs\project\app\webroot\index.php(110): Dispatcher->dispatch(Object(CakeRequest), Object(CakeResponse))
#1 {main}
2013-11-15 15:54:31 Error: [MissingActionException] Action ContestsController::index() could not be found.
Exception Attributes: array (
  'controller' => 'ContestsController',
  'action' => 'index',
)
Request URL: /project/contests/
Stack Trace:
#0 C:\xampp\htdocs\project\lib\Cake\Routing\Dispatcher.php(187): Controller->invokeAction(Object(CakeRequest))
#1 C:\xampp\htdocs\project\lib\Cake\Routing\Dispatcher.php(162): Dispatcher->_invoke(Object(ContestsController), Object(CakeRequest), Object(CakeResponse))
#2 C:\xampp\htdocs\project\app\webroot\index.php(110): Dispatcher->dispatch(Object(CakeRequest), Object(CakeResponse))
#3 {main}
2013-11-15 16:05:53 Error: [MissingControllerException] Controller class JsController could not be found.
Exception Attributes: array (
  'class' => 'JsController',
  'plugin' => NULL,
)
Request URL: /project/js/offcanvas.min.js
Stack Trace:
#0 C:\xampp\htdocs\project\app\webroot\index.php(110): Dispatcher->dispatch(Object(CakeRequest), Object(CakeResponse))
#1 {main}
2013-11-15 16:05:53 Error: [MissingControllerException] Controller class JsController could not be found.
Exception Attributes: array (
  'class' => 'JsController',
  'plugin' => NULL,
)
Request URL: /project/js/offcanvas.min.js
Stack Trace:
#0 C:\xampp\htdocs\project\app\webroot\index.php(110): Dispatcher->dispatch(Object(CakeRequest), Object(CakeResponse))
#1 {main}
2013-11-15 16:06:48 Error: [MissingControllerException] Controller class JsController could not be found.
Exception Attributes: array (
  'class' => 'JsController',
  'plugin' => NULL,
)
Request URL: /project/js/offcanvas.min.js
Stack Trace:
#0 C:\xampp\htdocs\project\app\webroot\index.php(110): Dispatcher->dispatch(Object(CakeRequest), Object(CakeResponse))
#1 {main}
2013-11-15 16:06:48 Error: [MissingControllerException] Controller class JsController could not be found.
Exception Attributes: array (
  'class' => 'JsController',
  'plugin' => NULL,
)
Request URL: /project/js/offcanvas.min.js
Stack Trace:
#0 C:\xampp\htdocs\project\app\webroot\index.php(110): Dispatcher->dispatch(Object(CakeRequest), Object(CakeResponse))
#1 {main}
2013-11-15 16:08:33 Error: [MissingControllerException] Controller class JsController could not be found.
Exception Attributes: array (
  'class' => 'JsController',
  'plugin' => NULL,
)
Request URL: /project/js/offcanvas.min.js
Stack Trace:
#0 C:\xampp\htdocs\project\app\webroot\index.php(110): Dispatcher->dispatch(Object(CakeRequest), Object(CakeResponse))
#1 {main}
2013-11-15 16:08:33 Error: [MissingControllerException] Controller class JsController could not be found.
Exception Attributes: array (
  'class' => 'JsController',
  'plugin' => NULL,
)
Request URL: /project/js/offcanvas.min.js
Stack Trace:
#0 C:\xampp\htdocs\project\app\webroot\index.php(110): Dispatcher->dispatch(Object(CakeRequest), Object(CakeResponse))
#1 {main}
2013-11-15 16:23:49 Error: [MissingActionException] Action ContestsController::index() could not be found.
Exception Attributes: array (
  'controller' => 'ContestsController',
  'action' => 'index',
)
Request URL: /project/contests
Stack Trace:
#0 C:\xampp\htdocs\project\lib\Cake\Routing\Dispatcher.php(187): Controller->invokeAction(Object(CakeRequest))
#1 C:\xampp\htdocs\project\lib\Cake\Routing\Dispatcher.php(162): Dispatcher->_invoke(Object(ContestsController), Object(CakeRequest), Object(CakeResponse))
#2 C:\xampp\htdocs\project\app\webroot\index.php(110): Dispatcher->dispatch(Object(CakeRequest), Object(CakeResponse))
#3 {main}
2013-11-16 12:56:36 Error: [MissingActionException] Action ContestsController::index() could not be found.
Exception Attributes: array (
  'controller' => 'ContestsController',
  'action' => 'index',
)
Request URL: /project/contests/
Stack Trace:
#0 C:\xampp\htdocs\project\lib\Cake\Routing\Dispatcher.php(187): Controller->invokeAction(Object(CakeRequest))
#1 C:\xampp\htdocs\project\lib\Cake\Routing\Dispatcher.php(162): Dispatcher->_invoke(Object(ContestsController), Object(CakeRequest), Object(CakeResponse))
#2 C:\xampp\htdocs\project\app\webroot\index.php(110): Dispatcher->dispatch(Object(CakeRequest), Object(CakeResponse))
#3 {main}
2013-11-16 13:34:16 Error: [MissingActionException] Action ContestsController::test() could not be found.
Exception Attributes: array (
  'controller' => 'ContestsController',
  'action' => 'test',
)
Request URL: /project/contests/test
Stack Trace:
#0 C:\xampp\htdocs\project\lib\Cake\Routing\Dispatcher.php(187): Controller->invokeAction(Object(CakeRequest))
#1 C:\xampp\htdocs\project\lib\Cake\Routing\Dispatcher.php(162): Dispatcher->_invoke(Object(ContestsController), Object(CakeRequest), Object(CakeResponse))
#2 C:\xampp\htdocs\project\app\webroot\index.php(110): Dispatcher->dispatch(Object(CakeRequest), Object(CakeResponse))
#3 {main}
2013-11-16 14:32:41 Error: [PDOException] SQLSTATE[42S22]: Column not found: 1054 Unknown column 'Level.level_id' in 'field list'
Request URL: /project/contests/
Stack Trace:
#0 C:\xampp\htdocs\project\lib\Cake\Model\Datasource\DboSource.php(460): PDOStatement->execute(Array)
#1 C:\xampp\htdocs\project\lib\Cake\Model\Datasource\DboSource.php(426): DboSource->_execute('SELECT `Level`....', Array)
#2 C:\xampp\htdocs\project\lib\Cake\Model\Datasource\DboSource.php(666): DboSource->execute('SELECT `Level`....', Array, Array)
#3 C:\xampp\htdocs\project\lib\Cake\Model\Datasource\DboSource.php(1339): DboSource->fetchAll('SELECT `Level`....', false)
#4 C:\xampp\htdocs\project\lib\Cake\Model\Datasource\DboSource.php(1201): DboSource->fetchAssociated(Object(Contest), 'SELECT `Level`....', Array)
#5 C:\xampp\htdocs\project\lib\Cake\Model\Datasource\DboSource.php(1112): DboSource->queryAssociation(Object(Contest), Object(Level), 'hasMany', 'Level', Array, Array, true, Array, 0, Array)
#6 C:\xampp\htdocs\project\lib\Cake\Model\Model.php(2880): DboSource->read(Object(Contest), Array)
#7 C:\xampp\htdocs\project\lib\Cake\Model\Model.php(2852): Model->_readDataSource('all', Array)
#8 C:\xampp\htdocs\project\app\Controller\ContestsController.php(5): Model->find('all')
#9 [internal function]: ContestsController->index()
#10 C:\xampp\htdocs\project\lib\Cake\Controller\Controller.php(490): ReflectionMethod->invokeArgs(Object(ContestsController), Array)
#11 C:\xampp\htdocs\project\lib\Cake\Routing\Dispatcher.php(187): Controller->invokeAction(Object(CakeRequest))
#12 C:\xampp\htdocs\project\lib\Cake\Routing\Dispatcher.php(162): Dispatcher->_invoke(Object(ContestsController), Object(CakeRequest), Object(CakeResponse))
#13 C:\xampp\htdocs\project\app\webroot\index.php(110): Dispatcher->dispatch(Object(CakeRequest), Object(CakeResponse))
#14 {main}
2013-11-16 14:45:32 Error: Fatal Error (1): Call to undefined method ContestsController::find() in [C:\xampp\htdocs\project\app\Controller\ContestsController.php, line 4]
2013-11-16 14:45:32 Error: [FatalErrorException] Call to undefined method ContestsController::find()
Request URL: /project/contests/
Stack Trace:
#0 C:\xampp\htdocs\project\lib\Cake\Error\ErrorHandler.php(205): ErrorHandler::handleFatalError(1, 'Call to undefin...', 'C:\xampp\htdocs...', 4)
#1 [internal function]: ErrorHandler::handleError(1, 'Call to undefin...', 'C:\xampp\htdocs...', 4, Array)
#2 C:\xampp\htdocs\project\lib\Cake\Core\App.php(931): call_user_func('ErrorHandler::h...', 1, 'Call to undefin...', 'C:\xampp\htdocs...', 4, Array)
#3 C:\xampp\htdocs\project\lib\Cake\Core\App.php(904): App::_checkFatalError()
#4 [internal function]: App::shutdown()
#5 {main}
2013-11-16 14:48:16 Error: Fatal Error (1): Call to undefined method ContestsController::find() in [C:\xampp\htdocs\project\app\Controller\ContestsController.php, line 4]
2013-11-16 14:48:16 Error: [FatalErrorException] Call to undefined method ContestsController::find()
Request URL: /project/contests/
Stack Trace:
#0 C:\xampp\htdocs\project\lib\Cake\Error\ErrorHandler.php(205): ErrorHandler::handleFatalError(1, 'Call to undefin...', 'C:\xampp\htdocs...', 4)
#1 [internal function]: ErrorHandler::handleError(1, 'Call to undefin...', 'C:\xampp\htdocs...', 4, Array)
#2 C:\xampp\htdocs\project\lib\Cake\Core\App.php(931): call_user_func('ErrorHandler::h...', 1, 'Call to undefin...', 'C:\xampp\htdocs...', 4, Array)
#3 C:\xampp\htdocs\project\lib\Cake\Core\App.php(904): App::_checkFatalError()
#4 [internal function]: App::shutdown()
#5 {main}
2013-11-16 14:55:47 Error: Fatal Error (1): Call to a member function find() on a non-object in [C:\xampp\htdocs\project\app\Controller\ContestsController.php, line 5]
2013-11-16 14:55:47 Error: [FatalErrorException] Call to a member function find() on a non-object
Request URL: /project/contests/
Stack Trace:
#0 C:\xampp\htdocs\project\lib\Cake\Error\ErrorHandler.php(205): ErrorHandler::handleFatalError(1, 'Call to a membe...', 'C:\xampp\htdocs...', 5)
#1 [internal function]: ErrorHandler::handleError(1, 'Call to a membe...', 'C:\xampp\htdocs...', 5, Array)
#2 C:\xampp\htdocs\project\lib\Cake\Core\App.php(931): call_user_func('ErrorHandler::h...', 1, 'Call to a membe...', 'C:\xampp\htdocs...', 5, Array)
#3 C:\xampp\htdocs\project\lib\Cake\Core\App.php(904): App::_checkFatalError()
#4 [internal function]: App::shutdown()
#5 {main}
2013-11-16 15:24:10 Error: Fatal Error (1): Call to a member function find() on a non-object in [C:\xampp\htdocs\project\app\Controller\ContestsController.php, line 4]
2013-11-16 15:24:10 Error: [FatalErrorException] Call to a member function find() on a non-object
Request URL: /project/contests/
Stack Trace:
#0 C:\xampp\htdocs\project\lib\Cake\Error\ErrorHandler.php(205): ErrorHandler::handleFatalError(1, 'Call to a membe...', 'C:\xampp\htdocs...', 4)
#1 [internal function]: ErrorHandler::handleError(1, 'Call to a membe...', 'C:\xampp\htdocs...', 4, Array)
#2 C:\xampp\htdocs\project\lib\Cake\Core\App.php(931): call_user_func('ErrorHandler::h...', 1, 'Call to a membe...', 'C:\xampp\htdocs...', 4, Array)
#3 C:\xampp\htdocs\project\lib\Cake\Core\App.php(904): App::_checkFatalError()
#4 [internal function]: App::shutdown()
#5 {main}
2013-11-16 15:28:34 Error: Fatal Error (4): syntax error, unexpected '}' in [C:\xampp\htdocs\project\app\Controller\ContestsController.php, line 7]
2013-11-16 15:28:34 Error: [FatalErrorException] syntax error, unexpected '}'
Request URL: /project/contests/
Stack Trace:
#0 C:\xampp\htdocs\project\lib\Cake\Error\ErrorHandler.php(205): ErrorHandler::handleFatalError(4, 'syntax error, u...', 'C:\xampp\htdocs...', 7)
#1 [internal function]: ErrorHandler::handleError(4, 'syntax error, u...', 'C:\xampp\htdocs...', 7, Array)
#2 C:\xampp\htdocs\project\lib\Cake\Core\App.php(931): call_user_func('ErrorHandler::h...', 4, 'syntax error, u...', 'C:\xampp\htdocs...', 7, Array)
#3 C:\xampp\htdocs\project\lib\Cake\Core\App.php(904): App::_checkFatalError()
#4 [internal function]: App::shutdown()
#5 {main}
2013-11-16 15:29:01 Error: Fatal Error (1): Call to undefined function _howManyLevels() in [C:\xampp\htdocs\project\app\Controller\ContestsController.php, line 5]
2013-11-16 15:29:01 Error: [FatalErrorException] Call to undefined function _howManyLevels()
Request URL: /project/contests/
Stack Trace:
#0 C:\xampp\htdocs\project\lib\Cake\Error\ErrorHandler.php(205): ErrorHandler::handleFatalError(1, 'Call to undefin...', 'C:\xampp\htdocs...', 5)
#1 [internal function]: ErrorHandler::handleError(1, 'Call to undefin...', 'C:\xampp\htdocs...', 5, Array)
#2 C:\xampp\htdocs\project\lib\Cake\Core\App.php(931): call_user_func('ErrorHandler::h...', 1, 'Call to undefin...', 'C:\xampp\htdocs...', 5, Array)
#3 C:\xampp\htdocs\project\lib\Cake\Core\App.php(904): App::_checkFatalError()
#4 [internal function]: App::shutdown()
#5 {main}
2013-11-16 15:31:24 Error: Fatal Error (1): Call to a member function find() on a non-object in [C:\xampp\htdocs\project\app\Controller\ContestsController.php, line 10]
2013-11-16 15:31:24 Error: [FatalErrorException] Call to a member function find() on a non-object
Request URL: /project/contests/
Stack Trace:
#0 C:\xampp\htdocs\project\lib\Cake\Error\ErrorHandler.php(205): ErrorHandler::handleFatalError(1, 'Call to a membe...', 'C:\xampp\htdocs...', 10)
#1 [internal function]: ErrorHandler::handleError(1, 'Call to a membe...', 'C:\xampp\htdocs...', 10, Array)
#2 C:\xampp\htdocs\project\lib\Cake\Core\App.php(931): call_user_func('ErrorHandler::h...', 1, 'Call to a membe...', 'C:\xampp\htdocs...', 10, Array)
#3 C:\xampp\htdocs\project\lib\Cake\Core\App.php(904): App::_checkFatalError()
#4 [internal function]: App::shutdown()
#5 {main}
2013-11-16 15:45:18 Error: Fatal Error (1): Call to undefined function _howManyLevels() in [C:\xampp\htdocs\project\app\View\Contests\index.ctp, line 16]
2013-11-16 15:45:18 Error: [FatalErrorException] Call to undefined function _howManyLevels()
Request URL: /project/contests/
Stack Trace:
#0 C:\xampp\htdocs\project\lib\Cake\Error\ErrorHandler.php(205): ErrorHandler::handleFatalError(1, 'Call to undefin...', 'C:\xampp\htdocs...', 16)
#1 [internal function]: ErrorHandler::handleError(1, 'Call to undefin...', 'C:\xampp\htdocs...', 16, Array)
#2 C:\xampp\htdocs\project\lib\Cake\Core\App.php(931): call_user_func('ErrorHandler::h...', 1, 'Call to undefin...', 'C:\xampp\htdocs...', 16, Array)
#3 C:\xampp\htdocs\project\lib\Cake\Core\App.php(904): App::_checkFatalError()
#4 [internal function]: App::shutdown()
#5 {main}
2013-11-16 16:00:27 Error: Fatal Error (4): syntax error, unexpected '(', expecting ')' in [C:\xampp\htdocs\project\app\Controller\ContestsController.php, line 4]
2013-11-16 16:00:27 Error: [FatalErrorException] syntax error, unexpected '(', expecting ')'
Request URL: /project/contests/
Stack Trace:
#0 C:\xampp\htdocs\project\lib\Cake\Error\ErrorHandler.php(205): ErrorHandler::handleFatalError(4, 'syntax error, u...', 'C:\xampp\htdocs...', 4)
#1 [internal function]: ErrorHandler::handleError(4, 'syntax error, u...', 'C:\xampp\htdocs...', 4, Array)
#2 C:\xampp\htdocs\project\lib\Cake\Core\App.php(931): call_user_func('ErrorHandler::h...', 4, 'syntax error, u...', 'C:\xampp\htdocs...', 4, Array)
#3 C:\xampp\htdocs\project\lib\Cake\Core\App.php(904): App::_checkFatalError()
#4 [internal function]: App::shutdown()
#5 {main}
2013-11-16 16:04:26 Error: Fatal Error (1): Call to undefined method Controller::_howManyLevels() in [C:\xampp\htdocs\project\app\View\Contests\index.ctp, line 14]
2013-11-16 16:04:26 Error: [FatalErrorException] Call to undefined method Controller::_howManyLevels()
Request URL: /project/contests/
Stack Trace:
#0 C:\xampp\htdocs\project\lib\Cake\Error\ErrorHandler.php(205): ErrorHandler::handleFatalError(1, 'Call to undefin...', 'C:\xampp\htdocs...', 14)
#1 [internal function]: ErrorHandler::handleError(1, 'Call to undefin...', 'C:\xampp\htdocs...', 14, Array)
#2 C:\xampp\htdocs\project\lib\Cake\Core\App.php(931): call_user_func('ErrorHandler::h...', 1, 'Call to undefin...', 'C:\xampp\htdocs...', 14, Array)
#3 C:\xampp\htdocs\project\lib\Cake\Core\App.php(904): App::_checkFatalError()
#4 [internal function]: App::shutdown()
#5 {main}
2013-11-16 20:20:37 Error: Fatal Error (1): Call to a member function save() on a non-object in [C:\xampp\htdocs\project\app\Controller\ContestsController.php, line 11]
2013-11-16 20:20:37 Error: [FatalErrorException] Call to a member function save() on a non-object
Request URL: /project/contests/add
Stack Trace:
#0 C:\xampp\htdocs\project\lib\Cake\Error\ErrorHandler.php(205): ErrorHandler::handleFatalError(1, 'Call to a membe...', 'C:\xampp\htdocs...', 11)
#1 [internal function]: ErrorHandler::handleError(1, 'Call to a membe...', 'C:\xampp\htdocs...', 11, Array)
#2 C:\xampp\htdocs\project\lib\Cake\Core\App.php(931): call_user_func('ErrorHandler::h...', 1, 'Call to a membe...', 'C:\xampp\htdocs...', 11, Array)
#3 C:\xampp\htdocs\project\lib\Cake\Core\App.php(904): App::_checkFatalError()
#4 [internal function]: App::shutdown()
#5 {main}
2013-11-16 20:22:10 Error: Fatal Error (1): Call to a member function save() on a non-object in [C:\xampp\htdocs\project\app\Controller\ContestsController.php, line 11]
2013-11-16 20:22:10 Error: [FatalErrorException] Call to a member function save() on a non-object
Request URL: /project/contests/add
Stack Trace:
#0 C:\xampp\htdocs\project\lib\Cake\Error\ErrorHandler.php(205): ErrorHandler::handleFatalError(1, 'Call to a membe...', 'C:\xampp\htdocs...', 11)
#1 [internal function]: ErrorHandler::handleError(1, 'Call to a membe...', 'C:\xampp\htdocs...', 11, Array)
#2 C:\xampp\htdocs\project\lib\Cake\Core\App.php(931): call_user_func('ErrorHandler::h...', 1, 'Call to a membe...', 'C:\xampp\htdocs...', 11, Array)
#3 C:\xampp\htdocs\project\lib\Cake\Core\App.php(904): App::_checkFatalError()
#4 [internal function]: App::shutdown()
#5 {main}
2013-11-16 20:47:50 Error: Fatal Error (4): syntax error, unexpected 'echo' (T_ECHO) in [C:\xampp\htdocs\project\app\View\Contests\add.ctp, line 7]
2013-11-16 20:47:50 Error: [FatalErrorException] syntax error, unexpected 'echo' (T_ECHO)
Request URL: /project/contests/add
Stack Trace:
#0 C:\xampp\htdocs\project\lib\Cake\Error\ErrorHandler.php(205): ErrorHandler::handleFatalError(4, 'syntax error, u...', 'C:\xampp\htdocs...', 7)
#1 [internal function]: ErrorHandler::handleError(4, 'syntax error, u...', 'C:\xampp\htdocs...', 7, Array)
#2 C:\xampp\htdocs\project\lib\Cake\Core\App.php(931): call_user_func('ErrorHandler::h...', 4, 'syntax error, u...', 'C:\xampp\htdocs...', 7, Array)
#3 C:\xampp\htdocs\project\lib\Cake\Core\App.php(904): App::_checkFatalError()
#4 [internal function]: App::shutdown()
#5 {main}
2013-11-17 01:30:06 Error: [MissingActionException] Action ContestsController::test() could not be found.
Exception Attributes: array (
  'controller' => 'ContestsController',
  'action' => 'test',
)
Request URL: /project/contests/test
Stack Trace:
#0 C:\xampp\htdocs\project\lib\Cake\Routing\Dispatcher.php(187): Controller->invokeAction(Object(CakeRequest))
#1 C:\xampp\htdocs\project\lib\Cake\Routing\Dispatcher.php(162): Dispatcher->_invoke(Object(ContestsController), Object(CakeRequest), Object(CakeResponse))
#2 C:\xampp\htdocs\project\app\webroot\index.php(110): Dispatcher->dispatch(Object(CakeRequest), Object(CakeResponse))
#3 {main}
2013-11-17 14:11:46 Error: [PDOException] SQLSTATE[23000]: Integrity constraint violation: 1048 Column 'end' cannot be null
Request URL: /project/contests/add
Stack Trace:
#0 C:\xampp\htdocs\project\lib\Cake\Model\Datasource\DboSource.php(460): PDOStatement->execute(Array)
#1 C:\xampp\htdocs\project\lib\Cake\Model\Datasource\DboSource.php(426): DboSource->_execute('INSERT INTO `pr...', Array)
#2 C:\xampp\htdocs\project\lib\Cake\Model\Datasource\DboSource.php(1004): DboSource->execute('INSERT INTO `pr...')
#3 C:\xampp\htdocs\project\lib\Cake\Model\Model.php(1827): DboSource->create(Object(Contest), Array, Array)
#4 C:\xampp\htdocs\project\app\Controller\ContestsController.php(11): Model->save(Array)
#5 [internal function]: ContestsController->add()
#6 C:\xampp\htdocs\project\lib\Cake\Controller\Controller.php(490): ReflectionMethod->invokeArgs(Object(ContestsController), Array)
#7 C:\xampp\htdocs\project\lib\Cake\Routing\Dispatcher.php(187): Controller->invokeAction(Object(CakeRequest))
#8 C:\xampp\htdocs\project\lib\Cake\Routing\Dispatcher.php(162): Dispatcher->_invoke(Object(ContestsController), Object(CakeRequest), Object(CakeResponse))
#9 C:\xampp\htdocs\project\app\webroot\index.php(110): Dispatcher->dispatch(Object(CakeRequest), Object(CakeResponse))
#10 {main}
2013-12-18 12:41:17 Error: [MissingControllerException] Controller class JsController could not be found.
Exception Attributes: array (
  'class' => 'JsController',
  'plugin' => NULL,
)
Request URL: /project/js/bootstrap-datetimepicker.de.js
Stack Trace:
#0 C:\Users\Reuf\Dropbox\project\app\webroot\index.php(110): Dispatcher->dispatch(Object(CakeRequest), Object(CakeResponse))
#1 {main}
2013-12-18 12:41:17 Error: [MissingControllerException] Controller class JsController could not be found.
Exception Attributes: array (
  'class' => 'JsController',
  'plugin' => NULL,
)
Request URL: /project/js/bootstrap-datetimepicker.min.js
Stack Trace:
#0 C:\Users\Reuf\Dropbox\project\app\webroot\index.php(110): Dispatcher->dispatch(Object(CakeRequest), Object(CakeResponse))
#1 {main}
2013-12-18 12:41:17 Error: [MissingControllerException] Controller class JsController could not be found.
Exception Attributes: array (
  'class' => 'JsController',
  'plugin' => NULL,
)
Request URL: /project/js/bootstrap.min.js
Stack Trace:
#0 C:\Users\Reuf\Dropbox\project\app\webroot\index.php(110): Dispatcher->dispatch(Object(CakeRequest), Object(CakeResponse))
#1 {main}
2013-12-18 12:41:17 Error: [MissingControllerException] Controller class Favicon.icoController could not be found.
Exception Attributes: array (
  'class' => 'Favicon.icoController',
  'plugin' => NULL,
)
Request URL: /project/favicon.ico
Stack Trace:
#0 C:\Users\Reuf\Dropbox\project\app\webroot\index.php(110): Dispatcher->dispatch(Object(CakeRequest), Object(CakeResponse))
#1 {main}
2013-12-18 12:41:18 Error: [MissingControllerException] Controller class Favicon.icoController could not be found.
Exception Attributes: array (
  'class' => 'Favicon.icoController',
  'plugin' => NULL,
)
Request URL: /project/favicon.ico
Stack Trace:
#0 C:\Users\Reuf\Dropbox\project\app\webroot\index.php(110): Dispatcher->dispatch(Object(CakeRequest), Object(CakeResponse))
#1 {main}
2013-12-18 12:41:18 Error: [MissingControllerException] Controller class JsController could not be found.
Exception Attributes: array (
  'class' => 'JsController',
  'plugin' => NULL,
)
Request URL: /project/js/bootstrap.min.js
Stack Trace:
#0 C:\Users\Reuf\Dropbox\project\app\webroot\index.php(110): Dispatcher->dispatch(Object(CakeRequest), Object(CakeResponse))
#1 {main}
2013-12-18 12:41:18 Error: [MissingControllerException] Controller class Favicon.icoController could not be found.
Exception Attributes: array (
  'class' => 'Favicon.icoController',
  'plugin' => NULL,
)
Request URL: /project/favicon.ico
Stack Trace:
#0 C:\Users\Reuf\Dropbox\project\app\webroot\index.php(110): Dispatcher->dispatch(Object(CakeRequest), Object(CakeResponse))
#1 {main}
2013-12-18 12:41:18 Error: [MissingControllerException] Controller class JsController could not be found.
Exception Attributes: array (
  'class' => 'JsController',
  'plugin' => NULL,
)
Request URL: /project/js/offcanvas.js
Stack Trace:
#0 C:\Users\Reuf\Dropbox\project\app\webroot\index.php(110): Dispatcher->dispatch(Object(CakeRequest), Object(CakeResponse))
#1 {main}
2013-12-18 12:41:18 Error: [MissingControllerException] Controller class Favicon.icoController could not be found.
Exception Attributes: array (
  'class' => 'Favicon.icoController',
  'plugin' => NULL,
)
Request URL: /project/favicon.ico
Stack Trace:
#0 C:\Users\Reuf\Dropbox\project\app\webroot\index.php(110): Dispatcher->dispatch(Object(CakeRequest), Object(CakeResponse))
#1 {main}
2013-12-18 12:41:18 Error: [MissingControllerException] Controller class JsController could not be found.
Exception Attributes: array (
  'class' => 'JsController',
  'plugin' => NULL,
)
Request URL: /project/js/bootstrap-datetimepicker.min.js
Stack Trace:
#0 C:\Users\Reuf\Dropbox\project\app\webroot\index.php(110): Dispatcher->dispatch(Object(CakeRequest), Object(CakeResponse))
#1 {main}
2013-12-18 12:41:18 Error: [MissingControllerException] Controller class JsController could not be found.
Exception Attributes: array (
  'class' => 'JsController',
  'plugin' => NULL,
)
Request URL: /project/js/bootstrap-datetimepicker.de.js
Stack Trace:
#0 C:\Users\Reuf\Dropbox\project\app\webroot\index.php(110): Dispatcher->dispatch(Object(CakeRequest), Object(CakeResponse))
#1 {main}
2013-12-18 12:41:54 Error: [MissingControllerException] Controller class JsController could not be found.
Exception Attributes: array (
  'class' => 'JsController',
  'plugin' => NULL,
)
Request URL: /project/js/bootstrap-datetimepicker.de.js
Stack Trace:
#0 C:\Users\Reuf\Dropbox\project\app\webroot\index.php(110): Dispatcher->dispatch(Object(CakeRequest), Object(CakeResponse))
#1 {main}
2013-12-18 12:41:54 Error: [MissingControllerException] Controller class JsController could not be found.
Exception Attributes: array (
  'class' => 'JsController',
  'plugin' => NULL,
)
Request URL: /project/js/offcanvas.js
Stack Trace:
#0 C:\Users\Reuf\Dropbox\project\app\webroot\index.php(110): Dispatcher->dispatch(Object(CakeRequest), Object(CakeResponse))
#1 {main}
2013-12-18 12:41:54 Error: [MissingControllerException] Controller class JsController could not be found.
Exception Attributes: array (
  'class' => 'JsController',
  'plugin' => NULL,
)
Request URL: /project/js/bootstrap-datetimepicker.min.js
Stack Trace:
#0 C:\Users\Reuf\Dropbox\project\app\webroot\index.php(110): Dispatcher->dispatch(Object(CakeRequest), Object(CakeResponse))
#1 {main}
2013-12-18 12:41:54 Error: [MissingControllerException] Controller class JsController could not be found.
Exception Attributes: array (
  'class' => 'JsController',
  'plugin' => NULL,
)
Request URL: /project/js/bootstrap.min.js
Stack Trace:
#0 C:\Users\Reuf\Dropbox\project\app\webroot\index.php(110): Dispatcher->dispatch(Object(CakeRequest), Object(CakeResponse))
#1 {main}
2013-12-18 12:41:54 Error: [MissingControllerException] Controller class JsController could not be found.
Exception Attributes: array (
  'class' => 'JsController',
  'plugin' => NULL,
)
Request URL: /project/js/offcanvas.js
Stack Trace:
#0 C:\Users\Reuf\Dropbox\project\app\webroot\index.php(110): Dispatcher->dispatch(Object(CakeRequest), Object(CakeResponse))
#1 {main}
2013-12-18 12:41:54 Error: [MissingControllerException] Controller class JsController could not be found.
Exception Attributes: array (
  'class' => 'JsController',
  'plugin' => NULL,
)
Request URL: /project/js/bootstrap-datetimepicker.min.js
Stack Trace:
#0 C:\Users\Reuf\Dropbox\project\app\webroot\index.php(110): Dispatcher->dispatch(Object(CakeRequest), Object(CakeResponse))
#1 {main}
2013-12-18 12:41:54 Error: [MissingControllerException] Controller class JsController could not be found.
Exception Attributes: array (
  'class' => 'JsController',
  'plugin' => NULL,
)
Request URL: /project/js/bootstrap-datetimepicker.de.js
Stack Trace:
#0 C:\Users\Reuf\Dropbox\project\app\webroot\index.php(110): Dispatcher->dispatch(Object(CakeRequest), Object(CakeResponse))
#1 {main}
2013-12-18 12:42:22 Error: [MissingControllerException] Controller class JsController could not be found.
Exception Attributes: array (
  'class' => 'JsController',
  'plugin' => NULL,
)
Request URL: /project/js/bootstrap.min.js
Stack Trace:
#0 C:\Users\Reuf\Dropbox\project\app\webroot\index.php(110): Dispatcher->dispatch(Object(CakeRequest), Object(CakeResponse))
#1 {main}
2013-12-18 12:42:22 Error: [MissingControllerException] Controller class JsController could not be found.
Exception Attributes: array (
  'class' => 'JsController',
  'plugin' => NULL,
)
Request URL: /project/js/bootstrap-datetimepicker.min.js
Stack Trace:
#0 C:\Users\Reuf\Dropbox\project\app\webroot\index.php(110): Dispatcher->dispatch(Object(CakeRequest), Object(CakeResponse))
#1 {main}
2013-12-18 12:42:22 Error: [MissingControllerException] Controller class JsController could not be found.
Exception Attributes: array (
  'class' => 'JsController',
  'plugin' => NULL,
)
Request URL: /project/js/offcanvas.js
Stack Trace:
#0 C:\Users\Reuf\Dropbox\project\app\webroot\index.php(110): Dispatcher->dispatch(Object(CakeRequest), Object(CakeResponse))
#1 {main}
2013-12-18 12:42:22 Error: [MissingControllerException] Controller class JsController could not be found.
Exception Attributes: array (
  'class' => 'JsController',
  'plugin' => NULL,
)
Request URL: /project/js/bootstrap-datetimepicker.de.js
Stack Trace:
#0 C:\Users\Reuf\Dropbox\project\app\webroot\index.php(110): Dispatcher->dispatch(Object(CakeRequest), Object(CakeResponse))
#1 {main}
2013-12-18 12:42:22 Error: [MissingControllerException] Controller class Favicon.icoController could not be found.
Exception Attributes: array (
  'class' => 'Favicon.icoController',
  'plugin' => NULL,
)
Request URL: /project/favicon.ico
Stack Trace:
#0 C:\Users\Reuf\Dropbox\project\app\webroot\index.php(110): Dispatcher->dispatch(Object(CakeRequest), Object(CakeResponse))
#1 {main}
2013-12-18 12:42:56 Error: [MissingControllerException] Controller class JsController could not be found.
Exception Attributes: array (
  'class' => 'JsController',
  'plugin' => NULL,
)
Request URL: /project/js/bootstrap-datetimepicker.de.js
Stack Trace:
#0 C:\Users\Reuf\Dropbox\project\app\webroot\index.php(110): Dispatcher->dispatch(Object(CakeRequest), Object(CakeResponse))
#1 {main}
2013-12-18 12:42:56 Error: [MissingControllerException] Controller class JsController could not be found.
Exception Attributes: array (
  'class' => 'JsController',
  'plugin' => NULL,
)
Request URL: /project/js/bootstrap.min.js
Stack Trace:
#0 C:\Users\Reuf\Dropbox\project\app\webroot\index.php(110): Dispatcher->dispatch(Object(CakeRequest), Object(CakeResponse))
#1 {main}
2013-12-18 12:42:56 Error: [MissingControllerException] Controller class JsController could not be found.
Exception Attributes: array (
  'class' => 'JsController',
  'plugin' => NULL,
)
Request URL: /project/js/bootstrap-datetimepicker.min.js
Stack Trace:
#0 C:\Users\Reuf\Dropbox\project\app\webroot\index.php(110): Dispatcher->dispatch(Object(CakeRequest), Object(CakeResponse))
#1 {main}
2013-12-18 12:42:56 Error: [MissingControllerException] Controller class JsController could not be found.
Exception Attributes: array (
  'class' => 'JsController',
  'plugin' => NULL,
)
Request URL: /project/js/offcanvas.js
Stack Trace:
#0 C:\Users\Reuf\Dropbox\project\app\webroot\index.php(110): Dispatcher->dispatch(Object(CakeRequest), Object(CakeResponse))
#1 {main}
2013-12-18 12:42:56 Error: [MissingControllerException] Controller class Favicon.icoController could not be found.
Exception Attributes: array (
  'class' => 'Favicon.icoController',
  'plugin' => NULL,
)
Request URL: /project/favicon.ico
Stack Trace:
#0 C:\Users\Reuf\Dropbox\project\app\webroot\index.php(110): Dispatcher->dispatch(Object(CakeRequest), Object(CakeResponse))
#1 {main}
2013-12-18 12:47:36 Error: [MissingControllerException] Controller class JsController could not be found.
Exception Attributes: array (
  'class' => 'JsController',
  'plugin' => NULL,
)
Request URL: /project/js/bootstrap-datetimepicker.min.js
Stack Trace:
#0 C:\Users\Reuf\Dropbox\project\app\webroot\index.php(110): Dispatcher->dispatch(Object(CakeRequest), Object(CakeResponse))
#1 {main}
2013-12-18 12:47:36 Error: [MissingControllerException] Controller class JsController could not be found.
Exception Attributes: array (
  'class' => 'JsController',
  'plugin' => NULL,
)
Request URL: /project/js/bootstrap-datetimepicker.de.js
Stack Trace:
#0 C:\Users\Reuf\Dropbox\project\app\webroot\index.php(110): Dispatcher->dispatch(Object(CakeRequest), Object(CakeResponse))
#1 {main}
2013-12-18 12:47:36 Error: [MissingControllerException] Controller class JsController could not be found.
Exception Attributes: array (
  'class' => 'JsController',
  'plugin' => NULL,
)
Request URL: /project/js/bootstrap-datetimepicker.min.js
Stack Trace:
#0 C:\Users\Reuf\Dropbox\project\app\webroot\index.php(110): Dispatcher->dispatch(Object(CakeRequest), Object(CakeResponse))
#1 {main}
2013-12-18 12:47:36 Error: [MissingControllerException] Controller class JsController could not be found.
Exception Attributes: array (
  'class' => 'JsController',
  'plugin' => NULL,
)
Request URL: /project/js/bootstrap-datetimepicker.de.js
Stack Trace:
#0 C:\Users\Reuf\Dropbox\project\app\webroot\index.php(110): Dispatcher->dispatch(Object(CakeRequest), Object(CakeResponse))
#1 {main}
2013-12-18 12:47:43 Error: [MissingControllerException] Controller class JsController could not be found.
Exception Attributes: array (
  'class' => 'JsController',
  'plugin' => NULL,
)
Request URL: /project/js/bootstrap-datetimepicker.de.js
Stack Trace:
#0 C:\Users\Reuf\Dropbox\project\app\webroot\index.php(110): Dispatcher->dispatch(Object(CakeRequest), Object(CakeResponse))
#1 {main}
2013-12-18 12:47:43 Error: [MissingControllerException] Controller class JsController could not be found.
Exception Attributes: array (
  'class' => 'JsController',
  'plugin' => NULL,
)
Request URL: /project/js/bootstrap-datetimepicker.min.js
Stack Trace:
#0 C:\Users\Reuf\Dropbox\project\app\webroot\index.php(110): Dispatcher->dispatch(Object(CakeRequest), Object(CakeResponse))
#1 {main}
2013-12-18 12:50:07 Error: [MissingControllerException] Controller class JsController could not be found.
Exception Attributes: array (
  'class' => 'JsController',
  'plugin' => NULL,
)
Request URL: /project/js/bootstrap-datetimepicker.min.js
Stack Trace:
#0 C:\Users\Reuf\Dropbox\project\app\webroot\index.php(110): Dispatcher->dispatch(Object(CakeRequest), Object(CakeResponse))
#1 {main}
2014-01-08 12:34:22 Error: [MissingControllerException] Controller class Favicon.icoController could not be found.
Exception Attributes: array (
  'class' => 'Favicon.icoController',
  'plugin' => NULL,
)
Request URL: /project/favicon.ico
Stack Trace:
#0 C:\Users\Reuf\Dropbox\project\app\webroot\index.php(110): Dispatcher->dispatch(Object(CakeRequest), Object(CakeResponse))
#1 {main}
2014-01-08 12:34:22 Error: [MissingControllerException] Controller class Favicon.icoController could not be found.
Exception Attributes: array (
  'class' => 'Favicon.icoController',
  'plugin' => NULL,
)
Request URL: /project/favicon.ico
Stack Trace:
#0 C:\Users\Reuf\Dropbox\project\app\webroot\index.php(110): Dispatcher->dispatch(Object(CakeRequest), Object(CakeResponse))
#1 {main}
2014-01-08 12:34:22 Error: [MissingControllerException] Controller class Favicon.icoController could not be found.
Exception Attributes: array (
  'class' => 'Favicon.icoController',
  'plugin' => NULL,
)
Request URL: /project/favicon.ico
Stack Trace:
#0 C:\Users\Reuf\Dropbox\project\app\webroot\index.php(110): Dispatcher->dispatch(Object(CakeRequest), Object(CakeResponse))
#1 {main}
2014-01-08 12:34:22 Error: [MissingControllerException] Controller class Favicon.icoController could not be found.
Exception Attributes: array (
  'class' => 'Favicon.icoController',
  'plugin' => NULL,
)
Request URL: /project/favicon.ico
Stack Trace:
#0 C:\Users\Reuf\Dropbox\project\app\webroot\index.php(110): Dispatcher->dispatch(Object(CakeRequest), Object(CakeResponse))
#1 {main}
2014-01-08 14:10:34 Error: Fatal Error (1): Call to a member function find() on a non-object in [C:\Users\Reuf\Dropbox\project\app\Controller\TasksController.php, line 6]
2014-01-08 14:10:34 Error: [FatalErrorException] Call to a member function find() on a non-object
Request URL: /project/tasks
Stack Trace:
#0 C:\Users\Reuf\Dropbox\project\lib\Cake\Error\ErrorHandler.php(205): ErrorHandler::handleFatalError(1, 'Call to a membe...', 'C:\Users\Reuf\D...', 6)
#1 [internal function]: ErrorHandler::handleError(1, 'Call to a membe...', 'C:\Users\Reuf\D...', 6, Array)
#2 C:\Users\Reuf\Dropbox\project\lib\Cake\Core\App.php(931): call_user_func('ErrorHandler::h...', 1, 'Call to a membe...', 'C:\Users\Reuf\D...', 6, Array)
#3 C:\Users\Reuf\Dropbox\project\lib\Cake\Core\App.php(904): App::_checkFatalError()
#4 [internal function]: App::shutdown()
#5 {main}
2014-01-08 14:10:40 Error: [MissingControllerException] Controller class TaskController could not be found.
Exception Attributes: array (
  'class' => 'TaskController',
  'plugin' => NULL,
)
Request URL: /project/task
Stack Trace:
#0 C:\Users\Reuf\Dropbox\project\app\webroot\index.php(110): Dispatcher->dispatch(Object(CakeRequest), Object(CakeResponse))
#1 {main}
2014-01-08 14:11:13 Error: Fatal Error (1): Call to a member function find() on a non-object in [C:\Users\Reuf\Dropbox\project\app\Controller\TasksController.php, line 6]
2014-01-08 14:11:13 Error: [FatalErrorException] Call to a member function find() on a non-object
Request URL: /project/tasks
Stack Trace:
#0 C:\Users\Reuf\Dropbox\project\lib\Cake\Error\ErrorHandler.php(205): ErrorHandler::handleFatalError(1, 'Call to a membe...', 'C:\Users\Reuf\D...', 6)
#1 [internal function]: ErrorHandler::handleError(1, 'Call to a membe...', 'C:\Users\Reuf\D...', 6, Array)
#2 C:\Users\Reuf\Dropbox\project\lib\Cake\Core\App.php(931): call_user_func('ErrorHandler::h...', 1, 'Call to a membe...', 'C:\Users\Reuf\D...', 6, Array)
#3 C:\Users\Reuf\Dropbox\project\lib\Cake\Core\App.php(904): App::_checkFatalError()
#4 [internal function]: App::shutdown()
#5 {main}
2014-01-08 14:21:28 Error: Fatal Error (1): Cannot access empty property in [C:\Users\Reuf\Dropbox\project\lib\Cake\View\View.php, line 839]
2014-01-08 14:21:28 Error: [FatalErrorException] Cannot access empty property
Request URL: /project/tasks
Stack Trace:
#0 C:\Users\Reuf\Dropbox\project\lib\Cake\Error\ErrorHandler.php(205): ErrorHandler::handleFatalError(1, 'Cannot access e...', 'C:\Users\Reuf\D...', 839)
#1 [internal function]: ErrorHandler::handleError(1, 'Cannot access e...', 'C:\Users\Reuf\D...', 839, Array)
#2 C:\Users\Reuf\Dropbox\project\lib\Cake\Core\App.php(931): call_user_func('ErrorHandler::h...', 1, 'Cannot access e...', 'C:\Users\Reuf\D...', 839, Array)
#3 C:\Users\Reuf\Dropbox\project\lib\Cake\Core\App.php(904): App::_checkFatalError()
#4 [internal function]: App::shutdown()
#5 {main}
2014-01-21 19:41:48 Error: [MissingControllerException] Controller class Favicon.icoController could not be found.
Exception Attributes: array (
  'class' => 'Favicon.icoController',
  'plugin' => NULL,
)
Request URL: /project/favicon.ico
Stack Trace:
#0 C:\Users\Reuf\Dropbox\project\app\webroot\index.php(110): Dispatcher->dispatch(Object(CakeRequest), Object(CakeResponse))
#1 {main}
2014-01-21 19:41:48 Error: [MissingControllerException] Controller class Favicon.icoController could not be found.
Exception Attributes: array (
  'class' => 'Favicon.icoController',
  'plugin' => NULL,
)
Request URL: /project/favicon.ico
Stack Trace:
#0 C:\Users\Reuf\Dropbox\project\app\webroot\index.php(110): Dispatcher->dispatch(Object(CakeRequest), Object(CakeResponse))
#1 {main}
2014-01-21 19:41:48 Error: [MissingControllerException] Controller class Favicon.icoController could not be found.
Exception Attributes: array (
  'class' => 'Favicon.icoController',
  'plugin' => NULL,
)
Request URL: /project/favicon.ico
Stack Trace:
#0 C:\Users\Reuf\Dropbox\project\app\webroot\index.php(110): Dispatcher->dispatch(Object(CakeRequest), Object(CakeResponse))
#1 {main}
2014-01-21 19:41:48 Error: [MissingControllerException] Controller class Favicon.icoController could not be found.
Exception Attributes: array (
  'class' => 'Favicon.icoController',
  'plugin' => NULL,
)
Request URL: /project/favicon.ico
Stack Trace:
#0 C:\Users\Reuf\Dropbox\project\app\webroot\index.php(110): Dispatcher->dispatch(Object(CakeRequest), Object(CakeResponse))
#1 {main}
2014-01-21 22:19:44 Error: Fatal Error (1): Call to a member function save() on a non-object in [C:\Users\Reuf\Dropbox\project\app\Controller\TasksController.php, line 10]
2014-01-21 22:19:44 Error: [FatalErrorException] Call to a member function save() on a non-object
Request URL: /project/tasks/add
Stack Trace:
#0 C:\Users\Reuf\Dropbox\project\lib\Cake\Error\ErrorHandler.php(205): ErrorHandler::handleFatalError(1, 'Call to a membe...', 'C:\Users\Reuf\D...', 10)
#1 [internal function]: ErrorHandler::handleError(1, 'Call to a membe...', 'C:\Users\Reuf\D...', 10, Array)
#2 C:\Users\Reuf\Dropbox\project\lib\Cake\Core\App.php(931): call_user_func('ErrorHandler::h...', 1, 'Call to a membe...', 'C:\Users\Reuf\D...', 10, Array)
#3 C:\Users\Reuf\Dropbox\project\lib\Cake\Core\App.php(904): App::_checkFatalError()
#4 [internal function]: App::shutdown()
#5 {main}
2014-01-21 22:20:08 Error: Fatal Error (1): Call to a member function save() on a non-object in [C:\Users\Reuf\Dropbox\project\app\Controller\TasksController.php, line 10]
2014-01-21 22:20:08 Error: [FatalErrorException] Call to a member function save() on a non-object
Request URL: /project/tasks/add
Stack Trace:
#0 C:\Users\Reuf\Dropbox\project\lib\Cake\Error\ErrorHandler.php(205): ErrorHandler::handleFatalError(1, 'Call to a membe...', 'C:\Users\Reuf\D...', 10)
#1 [internal function]: ErrorHandler::handleError(1, 'Call to a membe...', 'C:\Users\Reuf\D...', 10, Array)
#2 C:\Users\Reuf\Dropbox\project\lib\Cake\Core\App.php(931): call_user_func('ErrorHandler::h...', 1, 'Call to a membe...', 'C:\Users\Reuf\D...', 10, Array)
#3 C:\Users\Reuf\Dropbox\project\lib\Cake\Core\App.php(904): App::_checkFatalError()
#4 [internal function]: App::shutdown()
#5 {main}
2014-01-21 22:22:54 Error: Fatal Error (1): Call to a member function save() on a non-object in [C:\Users\Reuf\Dropbox\project\app\Controller\TasksController.php, line 10]
2014-01-21 22:22:54 Error: [FatalErrorException] Call to a member function save() on a non-object
Request URL: /project/tasks/add
Stack Trace:
#0 C:\Users\Reuf\Dropbox\project\lib\Cake\Error\ErrorHandler.php(205): ErrorHandler::handleFatalError(1, 'Call to a membe...', 'C:\Users\Reuf\D...', 10)
#1 [internal function]: ErrorHandler::handleError(1, 'Call to a membe...', 'C:\Users\Reuf\D...', 10, Array)
#2 C:\Users\Reuf\Dropbox\project\lib\Cake\Core\App.php(931): call_user_func('ErrorHandler::h...', 1, 'Call to a membe...', 'C:\Users\Reuf\D...', 10, Array)
#3 C:\Users\Reuf\Dropbox\project\lib\Cake\Core\App.php(904): App::_checkFatalError()
#4 [internal function]: App::shutdown()
#5 {main}
2014-01-22 13:00:34 Error: [MissingControllerException] Controller class Favicon.icoController could not be found.
Exception Attributes: array (
  'class' => 'Favicon.icoController',
  'plugin' => NULL,
)
Request URL: /project/favicon.ico
Stack Trace:
#0 C:\Users\Reuf\Dropbox\project\app\webroot\index.php(110): Dispatcher->dispatch(Object(CakeRequest), Object(CakeResponse))
#1 {main}
2014-01-22 13:00:34 Error: [MissingControllerException] Controller class Favicon.icoController could not be found.
Exception Attributes: array (
  'class' => 'Favicon.icoController',
  'plugin' => NULL,
)
Request URL: /project/favicon.ico
Stack Trace:
#0 C:\Users\Reuf\Dropbox\project\app\webroot\index.php(110): Dispatcher->dispatch(Object(CakeRequest), Object(CakeResponse))
#1 {main}
2014-01-22 13:00:34 Error: [MissingControllerException] Controller class Favicon.icoController could not be found.
Exception Attributes: array (
  'class' => 'Favicon.icoController',
  'plugin' => NULL,
)
Request URL: /project/favicon.ico
Stack Trace:
#0 C:\Users\Reuf\Dropbox\project\app\webroot\index.php(110): Dispatcher->dispatch(Object(CakeRequest), Object(CakeResponse))
#1 {main}
2014-01-22 13:00:34 Error: [MissingControllerException] Controller class Favicon.icoController could not be found.
Exception Attributes: array (
  'class' => 'Favicon.icoController',
  'plugin' => NULL,
)
Request URL: /project/favicon.ico
Stack Trace:
#0 C:\Users\Reuf\Dropbox\project\app\webroot\index.php(110): Dispatcher->dispatch(Object(CakeRequest), Object(CakeResponse))
#1 {main}
2014-01-22 14:02:54 Error: [MissingControllerException] Controller class ContestController could not be found.
Exception Attributes: array (
  'class' => 'ContestController',
  'plugin' => NULL,
)
Request URL: /project/contest/add
Stack Trace:
#0 C:\Users\Reuf\Dropbox\project\app\webroot\index.php(110): Dispatcher->dispatch(Object(CakeRequest), Object(CakeResponse))
#1 {main}
2014-01-22 14:03:00 Error: [MissingControllerException] Controller class ContestController could not be found.
Exception Attributes: array (
  'class' => 'ContestController',
  'plugin' => NULL,
)
Request URL: /project/contest/
Stack Trace:
#0 C:\Users\Reuf\Dropbox\project\app\webroot\index.php(110): Dispatcher->dispatch(Object(CakeRequest), Object(CakeResponse))
#1 {main}
2014-01-30 20:41:10 Error: [MissingControllerException] Controller class UsersController could not be found.
Exception Attributes: array (
  'class' => 'UsersController',
  'plugin' => NULL,
)
Request URL: /project/users
Stack Trace:
#0 C:\Users\Reuf\Dropbox\project\app\webroot\index.php(110): Dispatcher->dispatch(Object(CakeRequest), Object(CakeResponse))
#1 {main}
2014-01-30 20:41:11 Error: [MissingControllerException] Controller class Favicon.icoController could not be found.
Exception Attributes: array (
  'class' => 'Favicon.icoController',
  'plugin' => NULL,
)
Request URL: /project/favicon.ico
Stack Trace:
#0 C:\Users\Reuf\Dropbox\project\app\webroot\index.php(110): Dispatcher->dispatch(Object(CakeRequest), Object(CakeResponse))
#1 {main}
2014-01-30 20:41:11 Error: [MissingControllerException] Controller class Favicon.icoController could not be found.
Exception Attributes: array (
  'class' => 'Favicon.icoController',
  'plugin' => NULL,
)
Request URL: /project/favicon.ico
Stack Trace:
#0 C:\Users\Reuf\Dropbox\project\app\webroot\index.php(110): Dispatcher->dispatch(Object(CakeRequest), Object(CakeResponse))
#1 {main}
2014-01-30 20:41:11 Error: [MissingControllerException] Controller class Favicon.icoController could not be found.
Exception Attributes: array (
  'class' => 'Favicon.icoController',
  'plugin' => NULL,
)
Request URL: /project/favicon.ico
Stack Trace:
#0 C:\Users\Reuf\Dropbox\project\app\webroot\index.php(110): Dispatcher->dispatch(Object(CakeRequest), Object(CakeResponse))
#1 {main}
2014-01-30 20:41:11 Error: [MissingControllerException] Controller class Favicon.icoController could not be found.
Exception Attributes: array (
  'class' => 'Favicon.icoController',
  'plugin' => NULL,
)
Request URL: /project/favicon.ico
Stack Trace:
#0 C:\Users\Reuf\Dropbox\project\app\webroot\index.php(110): Dispatcher->dispatch(Object(CakeRequest), Object(CakeResponse))
#1 {main}
2014-01-30 20:42:44 Error: [MissingActionException] Action UsersController::contests() could not be found.
Exception Attributes: array (
  'controller' => 'UsersController',
  'action' => 'contests',
)
Request URL: /project/users/contests
Stack Trace:
#0 C:\Users\Reuf\Dropbox\project\lib\Cake\Routing\Dispatcher.php(187): Controller->invokeAction(Object(CakeRequest))
#1 C:\Users\Reuf\Dropbox\project\lib\Cake\Routing\Dispatcher.php(162): Dispatcher->_invoke(Object(UsersController), Object(CakeRequest), Object(CakeResponse))
#2 C:\Users\Reuf\Dropbox\project\app\webroot\index.php(110): Dispatcher->dispatch(Object(CakeRequest), Object(CakeResponse))
#3 {main}
2014-01-31 10:10:05 Error: [MissingControllerException] Controller class Favicon.icoController could not be found.
Exception Attributes: array (
  'class' => 'Favicon.icoController',
  'plugin' => NULL,
)
Request URL: /project/favicon.ico
Stack Trace:
#0 C:\Users\Reuf\Dropbox\project\app\webroot\index.php(110): Dispatcher->dispatch(Object(CakeRequest), Object(CakeResponse))
#1 {main}
2014-01-31 10:10:05 Error: [MissingControllerException] Controller class Favicon.icoController could not be found.
Exception Attributes: array (
  'class' => 'Favicon.icoController',
  'plugin' => NULL,
)
Request URL: /project/favicon.ico
Stack Trace:
#0 C:\Users\Reuf\Dropbox\project\app\webroot\index.php(110): Dispatcher->dispatch(Object(CakeRequest), Object(CakeResponse))
#1 {main}
2014-01-31 10:10:05 Error: [MissingControllerException] Controller class Favicon.icoController could not be found.
Exception Attributes: array (
  'class' => 'Favicon.icoController',
  'plugin' => NULL,
)
Request URL: /project/favicon.ico
Stack Trace:
#0 C:\Users\Reuf\Dropbox\project\app\webroot\index.php(110): Dispatcher->dispatch(Object(CakeRequest), Object(CakeResponse))
#1 {main}
2014-01-31 10:10:06 Error: [MissingControllerException] Controller class Favicon.icoController could not be found.
Exception Attributes: array (
  'class' => 'Favicon.icoController',
  'plugin' => NULL,
)
Request URL: /project/favicon.ico
Stack Trace:
#0 C:\Users\Reuf\Dropbox\project\app\webroot\index.php(110): Dispatcher->dispatch(Object(CakeRequest), Object(CakeResponse))
#1 {main}
2014-01-31 10:14:29 Error: [MissingActionException] Action TasksController::localhost() could not be found.
Exception Attributes: array (
  'controller' => 'TasksController',
  'action' => 'localhost',
)
Request URL: /project/tasks/localhost/project/contests
Stack Trace:
#0 C:\Users\Reuf\Dropbox\project\lib\Cake\Routing\Dispatcher.php(187): Controller->invokeAction(Object(CakeRequest))
#1 C:\Users\Reuf\Dropbox\project\lib\Cake\Routing\Dispatcher.php(162): Dispatcher->_invoke(Object(TasksController), Object(CakeRequest), Object(CakeResponse))
#2 C:\Users\Reuf\Dropbox\project\app\webroot\index.php(110): Dispatcher->dispatch(Object(CakeRequest), Object(CakeResponse))
#3 {main}
2014-01-31 10:15:18 Error: [MissingActionException] Action TasksController::localhost() could not be found.
Exception Attributes: array (
  'controller' => 'TasksController',
  'action' => 'localhost',
)
Request URL: /project/tasks/localhost/project/contests
Stack Trace:
#0 C:\Users\Reuf\Dropbox\project\lib\Cake\Routing\Dispatcher.php(187): Controller->invokeAction(Object(CakeRequest))
#1 C:\Users\Reuf\Dropbox\project\lib\Cake\Routing\Dispatcher.php(162): Dispatcher->_invoke(Object(TasksController), Object(CakeRequest), Object(CakeResponse))
#2 C:\Users\Reuf\Dropbox\project\app\webroot\index.php(110): Dispatcher->dispatch(Object(CakeRequest), Object(CakeResponse))
#3 {main}
2014-01-31 13:08:50 Error: [MissingControllerException] Controller class Favicon.icoController could not be found.
Exception Attributes: array (
  'class' => 'Favicon.icoController',
  'plugin' => NULL,
)
Request URL: /project/favicon.ico
Stack Trace:
#0 C:\Users\Reuf\Dropbox\project\app\webroot\index.php(110): Dispatcher->dispatch(Object(CakeRequest), Object(CakeResponse))
#1 {main}
2014-01-31 13:08:50 Error: [MissingControllerException] Controller class Favicon.icoController could not be found.
Exception Attributes: array (
  'class' => 'Favicon.icoController',
  'plugin' => NULL,
)
Request URL: /project/favicon.ico
Stack Trace:
#0 C:\Users\Reuf\Dropbox\project\app\webroot\index.php(110): Dispatcher->dispatch(Object(CakeRequest), Object(CakeResponse))
#1 {main}
2014-01-31 13:08:51 Error: [MissingControllerException] Controller class Favicon.icoController could not be found.
Exception Attributes: array (
  'class' => 'Favicon.icoController',
  'plugin' => NULL,
)
Request URL: /project/favicon.ico
Stack Trace:
#0 C:\Users\Reuf\Dropbox\project\app\webroot\index.php(110): Dispatcher->dispatch(Object(CakeRequest), Object(CakeResponse))
#1 {main}
2014-01-31 13:08:51 Error: [MissingControllerException] Controller class Favicon.icoController could not be found.
Exception Attributes: array (
  'class' => 'Favicon.icoController',
  'plugin' => NULL,
)
Request URL: /project/favicon.ico
Stack Trace:
#0 C:\Users\Reuf\Dropbox\project\app\webroot\index.php(110): Dispatcher->dispatch(Object(CakeRequest), Object(CakeResponse))
#1 {main}
